./variables/varreference.php
./variables
4/home/henkerik/Development/haskell/objectsensitivetyping/tests
"Reference assignment not supported"
./variables/varscope/staticdeclaration.php
./variables/varscope
1/home/henkerik/Development/haskell/objectsensitivetyping/tests
FAILURE
    Observed: integer on label 9 for var $int, Inferred: ({},{},{},{},{},{},{},{},{})
./variables/varscope/local.php
./variables/varscope
/home/henkerik/Development/haskell/objectsensitivetyping/tests
SUCCESS
./variables/varscope/globals3.php
./variables/varscope
/home/henkerik/Development/haskell/objectsensitivetyping/tests
./variables/varscope/local1.php
./variables/varscope
John Doe
/home/henkerik/Development/haskell/objectsensitivetyping/tests
SUCCESS
./variables/varscope/globals2.php
./variables/varscope
John/home/henkerik/Development/haskell/objectsensitivetyping/tests
FAILURE
    Observed: string on label 11 for var $TSNNi1, Inferred: ({},{},{},{},{},{},{⊤},{},{})
./variables/varscope/global.php
./variables/varscope
"Failed reading: takeWith"
/home/henkerik/Development/haskell/objectsensitivetyping/tests
./variables/varscope/superglobals.php
./variables/varscope
Hello WorldArray
(
    [0] => Alpha
    [1] => Bravo
    [2] => Charlie
)
/home/henkerik/Development/haskell/objectsensitivetyping/tests
./variables/varscope/globals4.php
./variables/varscope
John
John
Joe
/home/henkerik/Development/haskell/objectsensitivetyping/tests
FAILURE
    Observed: string on label 8 for var $TSNNi2, Inferred: ({},{},{},{},{},{},{⊤},{},{})
    Observed: string on label 15 for var $TSNNi3, Inferred: ({},{},{},{},{},{},{⊤},{},{})
./variables/varscope/global2.php
./variables/varscope
"Failed reading: takeWith"
/home/henkerik/Development/haskell/objectsensitivetyping/tests
./variables/varscope/globals.php
./variables/varscope
3/home/henkerik/Development/haskell/objectsensitivetyping/tests
FAILURE
    Observed: integer on label 14 for var $TSNNi4, Inferred: ({},{},{},{},{},{},{⊤},{},{})
    Observed: integer on label 15 for var $TSNNi5, Inferred: ({},{},{},{},{},{},{⊤},{},{})
    Observed: integer on label 16 for var $TLE3, Inferred: ({},{},{},{},{},{},{},{},{})
./variables/varscope/static.php
./variables/varscope
Counter with non-static variables
00
Counter with static variables
01
/home/henkerik/Development/haskell/objectsensitivetyping/tests
FAILURE
    Observed: integer on label 18 for var $a, Inferred: ({},{},{},{},{},{},{},{},{})
    Observed: integer on label 18 for var $a, Inferred: ({},{},{},{},{},{},{},{},{})
./variables/varscope/globals6.php
./variables/varscope
Global in
printName in
Joe
printNames in
printNames out
printName out
printNames in
printNames out
Global out
/home/henkerik/Development/haskell/objectsensitivetyping/tests
./variables/varscope/globals5.php
./variables/varscope
Global in
John
printName in
John
Joe
printNames in
John
printNames out
printName out
printNames in
John
printNames out
Global out
/home/henkerik/Development/haskell/objectsensitivetyping/tests
./variables/varscope/globalreference.php
./variables/varscope
"Failed reading: takeWith"
/home/henkerik/Development/haskell/objectsensitivetyping/tests
./variables/constantvar3.php
./variables
It works!It works again!/home/henkerik/Development/haskell/objectsensitivetyping/tests
./variables/constantvar4.php
./variables
/home/henkerik/Development/haskell/objectsensitivetyping/tests
SUCCESS
./variables/varsimple.php
./variables
/home/henkerik/Development/haskell/objectsensitivetyping/tests
./variables/varmanage/isset.php
./variables/varmanage
/home/henkerik/Development/haskell/objectsensitivetyping/tests
SUCCESS
./variables/varmanage/unset.php
./variables/varmanage
$name is not set/home/henkerik/Development/haskell/objectsensitivetyping/tests
SUCCESS
./variables/varmanage/empty.php
./variables/varmanage
Error: Forgot to specify a value for $name
/home/henkerik/Development/haskell/objectsensitivetyping/tests
SUCCESS
./variables/indirectrefvar.php
./variables
"Failed reading: takeWith"
/home/henkerik/Development/haskell/objectsensitivetyping/tests
./variables/constantvar.php
./variables
John/home/henkerik/Development/haskell/objectsensitivetyping/tests
SUCCESS
./variables/constantvar2.php
./variables
/home/henkerik/Development/haskell/objectsensitivetyping/tests
SUCCESS
./recency/test1.php
./recency
/home/henkerik/Development/haskell/objectsensitivetyping/tests
"Reference assignment not supported"
./tmp.php
.
/home/henkerik/Development/haskell/objectsensitivetyping/tests/home/henkerik/Development/haskell/objectsensitivetyping/tests
"Failed reading: takeWith"
./simple.php
.
/home/henkerik/Development/haskell/objectsensitivetyping/tests
SUCCESS
./oo/parentcall.php
./oo
/home/henkerik/Development/haskell/objectsensitivetyping/tests
SUCCESS
./oo/stackremainsaftercall.php
./oo
/home/henkerik/Development/haskell/objectsensitivetyping/tests
SUCCESS
./oo/caseinsensitive.php
./oo
/home/henkerik/Development/haskell/objectsensitivetyping/tests
SUCCESS
./oo/compoundarguments.php
./oo
/home/henkerik/Development/haskell/objectsensitivetyping/tests
SUCCESS
./oo/nestedobjects2.php
./oo
/home/henkerik/Development/haskell/objectsensitivetyping/tests
SUCCESS
./oo/sequence.php
./oo
/home/henkerik/Development/haskell/objectsensitivetyping/tests
SUCCESS
./oo/staticfield.php
./oo
/home/henkerik/Development/haskell/objectsensitivetyping/tests
SUCCESS
./oo/visitor.php
./oo
/home/henkerik/Development/haskell/objectsensitivetyping/tests
SUCCESS
./oo/constructor.php
./oo
/home/henkerik/Development/haskell/objectsensitivetyping/tests
SUCCESS
./oo/tostring.php
./oo
Hello/home/henkerik/Development/haskell/objectsensitivetyping/tests
FAILURE
    Observed: string on label 15 for var $TSNNt2, Inferred: ({},{},{},{},{},{},{},{},{⊤})
./oo/fields.php
./oo
/home/henkerik/Development/haskell/objectsensitivetyping/tests
SUCCESS
./oo/nonexistingmethodcall.php
./oo
/home/henkerik/Development/haskell/objectsensitivetyping/tests
SUCCESS
./oo/defaultconstructor.php
./oo
/home/henkerik/Development/haskell/objectsensitivetyping/tests
SUCCESS
./oo/classconstant.php
./oo
/home/henkerik/Development/haskell/objectsensitivetyping/tests
SUCCESS
./oo/implicitconstructor.php
./oo
/home/henkerik/Development/haskell/objectsensitivetyping/tests
SUCCESS
./oo/defaultfieldvalue.php
./oo
/home/henkerik/Development/haskell/objectsensitivetyping/tests
SUCCESS
./oo/fieldwitharrays.php
./oo
/home/henkerik/Development/haskell/objectsensitivetyping/tests
SUCCESS
./oo/nestedcalls.php
./oo
/home/henkerik/Development/haskell/objectsensitivetyping/tests
SUCCESS
./oo/staticfieldwitharrays.php
./oo
/home/henkerik/Development/haskell/objectsensitivetyping/tests
SUCCESS
./oo/staticmember.php
./oo
/home/henkerik/Development/haskell/objectsensitivetyping/tests
SUCCESS
./oo/nonexistingmethodcallonarray.php
./oo
/home/henkerik/Development/haskell/objectsensitivetyping/tests
SUCCESS
./oo/nestedobjects1.php
./oo
/home/henkerik/Development/haskell/objectsensitivetyping/tests
SUCCESS
./oo/implicitfieldread.php
./oo
/home/henkerik/Development/haskell/objectsensitivetyping/tests
SUCCESS
./oo/returnvalue.php
./oo
/home/henkerik/Development/haskell/objectsensitivetyping/tests
SUCCESS
./oo/implicitfieldwrite.php
./oo
/home/henkerik/Development/haskell/objectsensitivetyping/tests
FAILURE
    Observed: boolean on label 13 for var $TSNNt4, Inferred: ({},{},{},{},{},{},{⊤},{},{})
    Observed: boolean on label 14 for var $a, Inferred: ({},{},{},{},{},{},{⊤},{},{})
./oo/nestedconstructor.php
./oo
/home/henkerik/Development/haskell/objectsensitivetyping/tests
SUCCESS
./exceptions/exception.php
./exceptions
/home/henkerik/Development/haskell/objectsensitivetyping/tests
SUCCESS
./exceptions/childexception.php
./exceptions
/home/henkerik/Development/haskell/objectsensitivetyping/tests
SUCCESS
./exceptions/keepstacksvariableafterexception.php
./exceptions
/home/henkerik/Development/haskell/objectsensitivetyping/tests
SUCCESS
./exceptions/parentconstructor.php
./exceptions
/home/henkerik/Development/haskell/objectsensitivetyping/tests
./exceptions/uncaughtexception.php
./exceptions
/home/henkerik/Development/haskell/objectsensitivetyping/tests
SUCCESS
./exceptions/nestedexception.php
./exceptions
/home/henkerik/Development/haskell/objectsensitivetyping/tests
SUCCESS
./native/jsondecode.php
./native
/home/henkerik/Development/haskell/objectsensitivetyping/tests
SUCCESS
./native/property.php
./native
/home/henkerik/Development/haskell/objectsensitivetyping/tests
SUCCESS
./native/outputparameters.php
./native
/home/henkerik/Development/haskell/objectsensitivetyping/tests
SUCCESS
./native/nativeclassconstant.php
./native
/home/henkerik/Development/haskell/objectsensitivetyping/tests
SUCCESS
./native/arrayfunction.php
./native
/home/henkerik/Development/haskell/objectsensitivetyping/tests
SUCCESS
./native/explode.php
./native
/home/henkerik/Development/haskell/objectsensitivetyping/tests
SUCCESS
./native/nativemethod.php
./native
/home/henkerik/Development/haskell/objectsensitivetyping/tests
SUCCESS
./native/arraypush.php
./native
/home/henkerik/Development/haskell/objectsensitivetyping/tests
FAILURE
    Observed: integer on label 12 for var $TSNNi3, Inferred: ({},{},{},{},{},{},{⊤},{},{})
    Observed: integer on label 13 for var $x, Inferred: ({},{},{},{},{},{},{⊤},{},{})
./native/emptyarray.php
./native
/home/henkerik/Development/haskell/objectsensitivetyping/tests
SUCCESS
./native/constant.php
./native
/home/henkerik/Development/haskell/objectsensitivetyping/tests
SUCCESS
./native/function.php
./native
/home/henkerik/Development/haskell/objectsensitivetyping/tests
SUCCESS
./nonmonotomic.php
.
/home/henkerik/Development/haskell/objectsensitivetyping/tests
SUCCESS
./references/inside3.php
./references
/home/henkerik/Development/haskell/objectsensitivetyping/tests
"Reference assignment not supported"
./references/var.php
./references
/home/henkerik/Development/haskell/objectsensitivetyping/tests
"Reference assignment not supported"
./references/field1.php
./references
/home/henkerik/Development/haskell/objectsensitivetyping/tests
"Reference assignment not supported"
./references/inside1.php
./references
/home/henkerik/Development/haskell/objectsensitivetyping/tests
"Reference assignment not supported"
./references/loopwithunset.php
./references
/home/henkerik/Development/haskell/objectsensitivetyping/tests
"Reference assignment not supported"
./references/field3.php
./references
/home/henkerik/Development/haskell/objectsensitivetyping/tests
"Reference assignment not supported"
./references/branch.php
./references
/home/henkerik/Development/haskell/objectsensitivetyping/tests
"Reference assignment not supported"
./references/field2.php
./references
/home/henkerik/Development/haskell/objectsensitivetyping/tests
"Reference assignment not supported"
./references/loopwithoutunset.php
./references
/home/henkerik/Development/haskell/objectsensitivetyping/tests
"Reference assignment not supported"
./references/partial.php
./references
/home/henkerik/Development/haskell/objectsensitivetyping/tests
SUCCESS
./references/inside2.php
./references
/home/henkerik/Development/haskell/objectsensitivetyping/tests
"Reference assignment not supported"
./controlstruct/conditional.php
./controlstruct
/home/henkerik/Development/haskell/objectsensitivetyping/tests
SUCCESS
./controlstruct/foreach.php
./controlstruct
/home/henkerik/Development/haskell/objectsensitivetyping/tests
SUCCESS
./controlstruct/switch.php
./controlstruct
/home/henkerik/Development/haskell/objectsensitivetyping/tests
SUCCESS
./controlstruct/if.php
./controlstruct
/home/henkerik/Development/haskell/objectsensitivetyping/tests
SUCCESS
./controlstruct/while.php
./controlstruct
/home/henkerik/Development/haskell/objectsensitivetyping/tests
SUCCESS
./controlstruct/dowhile.php
./controlstruct
/home/henkerik/Development/haskell/objectsensitivetyping/tests
SUCCESS
./controlstruct/for.php
./controlstruct
/home/henkerik/Development/haskell/objectsensitivetyping/tests
SUCCESS
./controlstruct/elseif.php
./controlstruct
/home/henkerik/Development/haskell/objectsensitivetyping/tests
SUCCESS
./controlstruct/while2.php
./controlstruct
/home/henkerik/Development/haskell/objectsensitivetyping/tests
SUCCESS
./controlstruct/ternaryconditionalop.php
./controlstruct
/home/henkerik/Development/haskell/objectsensitivetyping/tests
SUCCESS
./controlstruct/exit.php
./controlstruct
/home/henkerik/Development/haskell/objectsensitivetyping/tests
SUCCESS
./controlstruct/ifelse.php
./controlstruct
/home/henkerik/Development/haskell/objectsensitivetyping/tests
SUCCESS
./controlstruct/dowhilebreak.php
./controlstruct
/home/henkerik/Development/haskell/objectsensitivetyping/tests
SUCCESS
./syntax/phptagstandard.php
./syntax
John Doe
/home/henkerik/Development/haskell/objectsensitivetyping/tests
SUCCESS
./syntax/phptagsimple.php
./syntax
this is the simplest, an SGML processing instruction
/home/henkerik/Development/haskell/objectsensitivetyping/tests
SUCCESS
./syntax/htmlembedding.php
./syntax
<HTML>
         <HEAD>Sample PHP Script</HEAD>
         <BODY>
         The following prints "Hello, World":Hello, World</BODY>
         </HTML>/home/henkerik/Development/haskell/objectsensitivetyping/tests
SUCCESS
./syntax/advancedescaping.php
./syntax
    <strong>This is true.</strong>
                 /home/henkerik/Development/haskell/objectsensitivetyping/tests
SUCCESS
./syntax/phptagcombination.php
./syntax
John Doe
John Doe 2
/home/henkerik/Development/haskell/objectsensitivetyping/tests
SUCCESS
./syntax/instructionseparation.php
./syntax
This is a testThis is a testWe omitted the last closing tag/home/henkerik/Development/haskell/objectsensitivetyping/tests
SUCCESS
./syntax/phptagasp.php
./syntax
<% echo "You may optionally use ASP-style tags"; %>/home/henkerik/Development/haskell/objectsensitivetyping/tests
SUCCESS
./syntax/phptagscript.php
./syntax
some editors (like FrontPage) don't like processing instructions
/home/henkerik/Development/haskell/objectsensitivetyping/tests
SUCCESS
./syntax/comment.php
./syntax
/home/henkerik/Development/haskell/objectsensitivetyping/tests
SUCCESS
./syntax/phptagecho.php
./syntax
John Doe's Homepage/home/henkerik/Development/haskell/objectsensitivetyping/tests
SUCCESS
./functions/recursive.php
./functions
/home/henkerik/Development/haskell/objectsensitivetyping/tests
SUCCESS
./functions/simple.php
./functions
/home/henkerik/Development/haskell/objectsensitivetyping/tests
SUCCESS
./functions/recursive2.php
./functions
/home/henkerik/Development/haskell/objectsensitivetyping/tests
SUCCESS
./functions/funretref.php
./functions
/home/henkerik/Development/haskell/objectsensitivetyping/tests
SUCCESS
./functions/id2.php
./functions
/home/henkerik/Development/haskell/objectsensitivetyping/tests
SUCCESS
./functions/funtakesarray.php
./functions
/home/henkerik/Development/haskell/objectsensitivetyping/tests
SUCCESS
./functions/optionalparameterwitharray.php
./functions
string(3) "bar"
/home/henkerik/Development/haskell/objectsensitivetyping/tests
SUCCESS
./functions/funfun.php
./functions
/home/henkerik/Development/haskell/objectsensitivetyping/tests
./functions/simplewitharg.php
./functions
/home/henkerik/Development/haskell/objectsensitivetyping/tests
SUCCESS
./functions/id.php
./functions
/home/henkerik/Development/haskell/objectsensitivetyping/tests
SUCCESS
./functions/fac.php
./functions
/home/henkerik/Development/haskell/objectsensitivetyping/tests
SUCCESS
./functions/static.php
./functions
12345678910/home/henkerik/Development/haskell/objectsensitivetyping/tests
FAILURE
    Observed: integer on label 9 for var $count, Inferred: ({},{},{},{},{},{},{},{},{})
    Observed: integer on label 9 for var $count, Inferred: ({},{},{},{},{},{},{},{},{})
    Observed: integer on label 9 for var $count, Inferred: ({},{},{},{},{},{},{},{},{})
    Observed: integer on label 9 for var $count, Inferred: ({},{},{},{},{},{},{},{},{})
    Observed: integer on label 9 for var $count, Inferred: ({},{},{},{},{},{},{},{},{})
    Observed: integer on label 9 for var $count, Inferred: ({},{},{},{},{},{},{},{},{})
    Observed: integer on label 9 for var $count, Inferred: ({},{},{},{},{},{},{},{},{})
    Observed: integer on label 9 for var $count, Inferred: ({},{},{},{},{},{},{},{},{})
    Observed: integer on label 9 for var $count, Inferred: ({},{},{},{},{},{},{},{},{})
    Observed: integer on label 9 for var $count, Inferred: ({},{},{},{},{},{},{},{},{})
    Observed: integer on label 20 for var $count, Inferred: ({},{},{},{},{},{},{},{},{})
    Observed: integer on label 20 for var $count, Inferred: ({},{},{},{},{},{},{},{},{})
    Observed: integer on label 20 for var $count, Inferred: ({},{},{},{},{},{},{},{},{})
    Observed: integer on label 20 for var $count, Inferred: ({},{},{},{},{},{},{},{},{})
    Observed: integer on label 20 for var $count, Inferred: ({},{},{},{},{},{},{},{},{})
    Observed: integer on label 20 for var $count, Inferred: ({},{},{},{},{},{},{},{},{})
    Observed: integer on label 20 for var $count, Inferred: ({},{},{},{},{},{},{},{},{})
    Observed: integer on label 20 for var $count, Inferred: ({},{},{},{},{},{},{},{},{})
    Observed: integer on label 20 for var $count, Inferred: ({},{},{},{},{},{},{},{},{})
    Observed: integer on label 20 for var $count, Inferred: ({},{},{},{},{},{},{},{},{})
./functions/optionalparameter.php
./functions
/home/henkerik/Development/haskell/objectsensitivetyping/tests
SUCCESS
./basicdatatypes/null/null.php
./basicdatatypes/null
/home/henkerik/Development/haskell/objectsensitivetyping/tests
SUCCESS
./basicdatatypes/null/conditionalnull.php
./basicdatatypes/null
/home/henkerik/Development/haskell/objectsensitivetyping/tests
SUCCESS
./basicdatatypes/compound/array/2.php
./basicdatatypes/compound/array
/home/henkerik/Development/haskell/objectsensitivetyping/tests
SUCCESS
./basicdatatypes/compound/array/arraycreation2.php
./basicdatatypes/compound/array
/home/henkerik/Development/haskell/objectsensitivetyping/tests
SUCCESS
./basicdatatypes/compound/array/arraycreation.php
./basicdatatypes/compound/array
/home/henkerik/Development/haskell/objectsensitivetyping/tests
SUCCESS
./basicdatatypes/compound/array/arraycreation3.php
./basicdatatypes/compound/array
/home/henkerik/Development/haskell/objectsensitivetyping/tests
FAILURE
    Observed: integer on label 12 for var $TSNNi5, Inferred: ({},{},{},{},{},{},{⊤},{},{})
    Observed: integer on label 13 for var $x, Inferred: ({},{},{},{},{},{},{⊤},{},{})
    Observed: boolean on label 15 for var $TSNNi6, Inferred: ({},{},{},{},{},{},{⊤},{},{})
    Observed: boolean on label 16 for var $y, Inferred: ({},{},{},{},{},{},{⊤},{},{})
./basicdatatypes/compound/array/1.php
./basicdatatypes/compound/array
/home/henkerik/Development/haskell/objectsensitivetyping/tests
FAILURE
    Observed: integer on label 14 for var $TSNNi5, Inferred: ({},{},{},{},{},{},{⊤},{},{})
    Observed: integer on label 15 for var $b, Inferred: ({},{},{},{},{},{},{⊤},{},{})
./basicdatatypes/compound/array/7.php
./basicdatatypes/compound/array
/home/henkerik/Development/haskell/objectsensitivetyping/tests
FAILURE
    Observed: object[array] on label 17 for var $TSNNi8, Inferred: ({},{},{},{},{},{},{⊤},{},{})
    Observed: integer on label 18 for var $TSNNi9, Inferred: ({},{},{},{},{},{},{⊤},{},{})
    Observed: integer on label 19 for var $c, Inferred: ({},{},{},{},{},{},{⊤},{},{})
./basicdatatypes/compound/array/4.php
./basicdatatypes/compound/array
/home/henkerik/Development/haskell/objectsensitivetyping/tests
FAILURE
    Observed: integer on label 10 for var $TSNNi2, Inferred: ({},{},{},{},{},{},{⊤},{},{})
    Observed: integer on label 11 for var $c, Inferred: ({},{},{},{},{},{},{⊤},{},{})
./basicdatatypes/compound/array/3.php
./basicdatatypes/compound/array
/home/henkerik/Development/haskell/objectsensitivetyping/tests
FAILURE
    Observed: object[array] on label 9 for var $c, Inferred: ({},{},{},{},{},{},{⊤},{},{})
./basicdatatypes/compound/object/simple.php
./basicdatatypes/compound/object
/home/henkerik/Development/haskell/objectsensitivetyping/tests
SUCCESS
./basicdatatypes/scalar/string/singlequoted.php
./basicdatatypes/scalar/string
/home/henkerik/Development/haskell/objectsensitivetyping/tests
SUCCESS
./basicdatatypes/scalar/string/doublequoted.php
./basicdatatypes/scalar/string
/home/henkerik/Development/haskell/objectsensitivetyping/tests
SUCCESS
./basicdatatypes/scalar/string/stringindex.php
./basicdatatypes/scalar/string
Johnb/home/henkerik/Development/haskell/objectsensitivetyping/tests
SUCCESS
./basicdatatypes/scalar/integer/integerliteral.php
./basicdatatypes/scalar/integer
/home/henkerik/Development/haskell/objectsensitivetyping/tests
SUCCESS
./basicdatatypes/scalar/boolean/casesensitivity.php
./basicdatatypes/scalar/boolean
/home/henkerik/Development/haskell/objectsensitivetyping/tests
SUCCESS
./basicdatatypes/scalar/boolean/logicop.php
./basicdatatypes/scalar/boolean
/home/henkerik/Development/haskell/objectsensitivetyping/tests
SUCCESS
./basicdatatypes/scalar/boolean/boolop.php
./basicdatatypes/scalar/boolean
/home/henkerik/Development/haskell/objectsensitivetyping/tests
SUCCESS
./basicdatatypes/scalar/float/circumference.php
./basicdatatypes/scalar/float
/home/henkerik/Development/haskell/objectsensitivetyping/tests
SUCCESS
./basicdatatypes/scalar/float/floatingpoint.php
./basicdatatypes/scalar/float
/home/henkerik/Development/haskell/objectsensitivetyping/tests
SUCCESS
./basicdatatypes/casts.php
./basicdatatypes
/home/henkerik/Development/haskell/objectsensitivetyping/tests
SUCCESS
./basicdatatypes/typejuggling.php
./basicdatatypes
/home/henkerik/Development/haskell/objectsensitivetyping/tests
FAILURE
    Observed: integer on label 8 for var $b, Inferred: ({},{},{},{},{},{},{},{},{})
    Observed: double on label 10 for var $c, Inferred: ({},{},{},{},{},{},{},{},{})
    Observed: integer on label 13 for var $d, Inferred: ({},{},{},{},{},{},{},{},{})
    Observed: integer on label 16 for var $e, Inferred: ({},{},{},{},{},{},{},{},{})
./assign.php
.
/home/henkerik/Development/haskell/objectsensitivetyping/tests
SUCCESS
./define.php
.
/home/henkerik/Development/haskell/objectsensitivetyping/tests
SUCCESS
./assignop.php
.
/home/henkerik/Development/haskell/objectsensitivetyping/tests
SUCCESS
./preposdecrement.php
.
/home/henkerik/Development/haskell/objectsensitivetyping/tests
SUCCESS
./preposincrement.php
.
/home/henkerik/Development/haskell/objectsensitivetyping/tests
SUCCESS
./coercions.php
.
/home/henkerik/Development/haskell/objectsensitivetyping/tests
SUCCESS
./echo.php
.
Hello world/home/henkerik/Development/haskell/objectsensitivetyping/tests
SUCCESS
./test.php
.
/home/henkerik/Development/haskell/objectsensitivetyping/tests
SUCCESS
